2025-12-23T00:15:26.752+05:30  INFO 1564 --- [AlephLearn] [MessageBroker-7] o.s.w.s.c.WebSocketMessageBrokerStats    : WebSocketSession[1 current WS(1)-HttpStream(0)-HttpPoll(0), 228 total, 0 closed abnormally (0 connect failure, 0 send limit, 3 transport error)], stompSubProtocol[processed CONNECT(225)-CONNECTED(225)-DISCONNECT(0)], stompBrokerRelay[null], inboundChannel[pool size = 0, active threads = 0, queued tasks = 0, completed tasks = 2028], outboundChannel[pool size = 0, active threads = 0, queued tasks = 0, completed tasks = 452], sockJsScheduler[pool size = 8, active threads = 1, queued tasks = 4, completed tasks = 7511]
2025-12-23T00:45:26.723+05:30  INFO 1564 --- [AlephLearn] [MessageBroker-5] o.s.w.s.c.WebSocketMessageBrokerStats    : WebSocketSession[0 current WS(0)-HttpStream(0)-HttpPoll(0), 233 total, 0 closed abnormally (0 connect failure, 0 send limit, 3 transport error)], stompSubProtocol[processed CONNECT(230)-CONNECTED(230)-DISCONNECT(0)], stompBrokerRelay[null], inboundChannel[pool size = 0, active threads = 0, queued tasks = 0, completed tasks = 2076], outboundChannel[pool size = 0, active threads = 0, queued tasks = 0, completed tasks = 463], sockJsScheduler[pool size = 8, active threads = 1, queued tasks = 3, completed tasks = 7945]
2025-12-23T01:15:26.758+05:30  INFO 1564 --- [AlephLearn] [MessageBroker-1] o.s.w.s.c.WebSocketMessageBrokerStats    : WebSocketSession[1 current WS(1)-HttpStream(0)-HttpPoll(0), 243 total, 0 closed abnormally (0 connect failure, 0 send limit, 3 transport error)], stompSubProtocol[processed CONNECT(240)-CONNECTED(240)-DISCONNECT(0)], stompBrokerRelay[null], inboundChannel[pool size = 0, active threads = 0, queued tasks = 0, completed tasks = 2163], outboundChannel[pool size = 0, active threads = 0, queued tasks = 0, completed tasks = 482], sockJsScheduler[pool size = 8, active threads = 1, queued tasks = 4, completed tasks = 8420]
2025-12-23T01:45:26.752+05:30  INFO 1564 --- [AlephLearn] [MessageBroker-7] o.s.w.s.c.WebSocketMessageBrokerStats    : WebSocketSession[0 current WS(0)-HttpStream(0)-HttpPoll(0), 260 total, 0 closed abnormally (0 connect failure, 0 send limit, 3 transport error)], stompSubProtocol[processed CONNECT(257)-CONNECTED(257)-DISCONNECT(0)], stompBrokerRelay[null], inboundChannel[pool size = 0, active threads = 0, queued tasks = 0, completed tasks = 2319], outboundChannel[pool size = 0, active threads = 0, queued tasks = 0, completed tasks = 517], sockJsScheduler[pool size = 8, active threads = 1, queued tasks = 3, completed tasks = 8860]
2025-12-23T02:15:26.774+05:30  INFO 1564 --- [AlephLearn] [MessageBroker-7] o.s.w.s.c.WebSocketMessageBrokerStats    : WebSocketSession[0 current WS(0)-HttpStream(0)-HttpPoll(0), 268 total, 0 closed abnormally (0 connect failure, 0 send limit, 3 transport error)], stompSubProtocol[processed CONNECT(265)-CONNECTED(265)-DISCONNECT(0)], stompBrokerRelay[null], inboundChannel[pool size = 9, active threads = 0, queued tasks = 0, completed tasks = 2391], outboundChannel[pool size = 2, active threads = 0, queued tasks = 0, completed tasks = 533], sockJsScheduler[pool size = 8, active threads = 1, queued tasks = 3, completed tasks = 9307]
2025-12-23T02:25:05.069+05:30  WARN 1564 --- [AlephLearn] [http-nio-8080-exec-1] .w.s.m.a.ResponseStatusExceptionResolver : Resolved [org.springframework.web.server.ResponseStatusException: 403 FORBIDDEN "You are blocked till 2025-12-22T23:26:58.699859Z. Contact admin: admin@alephlearn.com Reason: Temporarily blocked"]
2025-12-23T02:29:29.916+05:30  WARN 1564 --- [AlephLearn] [http-nio-8080-exec-7] .w.s.m.a.ResponseStatusExceptionResolver : Resolved [org.springframework.web.server.ResponseStatusException: 403 FORBIDDEN "You are blocked till 2025-12-22T23:26:58.699859Z. Contact admin: admin@alephlearn.com Reason: Temporarily blocked"]
2025-12-23T02:37:51.840+05:30  WARN 1564 --- [AlephLearn] [http-nio-8080-exec-5] .w.s.m.a.ResponseStatusExceptionResolver : Resolved [org.springframework.web.server.ResponseStatusException: 403 FORBIDDEN "You are blocked till 2025-12-22T23:26:58.699859Z. Contact admin: admin@alephlearn.com Reason: Temporarily blocked"]
2025-12-23T02:45:26.780+05:30  INFO 1564 --- [AlephLearn] [MessageBroker-8] o.s.w.s.c.WebSocketMessageBrokerStats    : WebSocketSession[0 current WS(0)-HttpStream(0)-HttpPoll(0), 275 total, 0 closed abnormally (0 connect failure, 0 send limit, 3 transport error)], stompSubProtocol[processed CONNECT(272)-CONNECTED(272)-DISCONNECT(0)], stompBrokerRelay[null], inboundChannel[pool size = 0, active threads = 0, queued tasks = 0, completed tasks = 2454], outboundChannel[pool size = 0, active threads = 0, queued tasks = 0, completed tasks = 547], sockJsScheduler[pool size = 8, active threads = 1, queued tasks = 3, completed tasks = 9732]
2025-12-23T02:46:10.657+05:30  WARN 1564 --- [AlephLearn] [http-nio-8080-exec-6] .w.s.m.a.ResponseStatusExceptionResolver : Resolved [org.springframework.web.server.ResponseStatusException: 403 FORBIDDEN "You are blocked till 2025-12-22T23:26:58.699859Z. Contact admin: admin@alephlearn.com Reason: Temporarily blocked"]
2025-12-23T02:46:38.352+05:30  WARN 1564 --- [AlephLearn] [http-nio-8080-exec-4] .w.s.m.a.ResponseStatusExceptionResolver : Resolved [org.springframework.web.server.ResponseStatusException: 403 FORBIDDEN "You are blocked till 2025-12-22T23:26:58.699859Z. Contact admin: admin@alephlearn.com Reason: Temporarily blocked"]
2025-12-23T02:47:30.875+05:30  WARN 1564 --- [AlephLearn] [http-nio-8080-exec-8] .w.s.m.a.ResponseStatusExceptionResolver : Resolved [org.springframework.web.server.ResponseStatusException: 403 FORBIDDEN "You are blocked till 2025-12-22T23:26:58.699859Z. Contact admin: admin@alephlearn.com Reason: Temporarily blocked"]
2025-12-23T02:53:44.049+05:30  INFO 1564 --- [AlephLearn] [File Watcher] rtingClassPathChangeChangedEventListener : Restarting due to 1 class path change (0 additions, 0 deletions, 1 modification)
2025-12-23T02:53:44.052+05:30  INFO 1564 --- [AlephLearn] [Thread-66] o.s.b.w.e.tomcat.GracefulShutdown        : Commencing graceful shutdown. Waiting for active requests to complete
2025-12-23T02:53:44.053+05:30  INFO 1564 --- [AlephLearn] [tomcat-shutdown] o.s.b.w.e.tomcat.GracefulShutdown        : Graceful shutdown complete
2025-12-23T02:53:44.054+05:30  INFO 1564 --- [AlephLearn] [Thread-66] o.s.m.s.b.SimpleBrokerMessageHandler     : Stopping...
2025-12-23T02:53:44.054+05:30  INFO 1564 --- [AlephLearn] [Thread-66] o.s.m.s.b.SimpleBrokerMessageHandler     : BrokerAvailabilityEvent[available=false, SimpleBrokerMessageHandler [org.springframework.messaging.simp.broker.DefaultSubscriptionRegistry@41ba3eaf]]
2025-12-23T02:53:44.054+05:30  INFO 1564 --- [AlephLearn] [Thread-66] o.s.m.s.b.SimpleBrokerMessageHandler     : Stopped.
2025-12-23T02:53:44.058+05:30  INFO 1564 --- [AlephLearn] [Thread-66] j.LocalContainerEntityManagerFactoryBean : Closing JPA EntityManagerFactory for persistence unit 'default'
2025-12-23T02:53:44.059+05:30  INFO 1564 --- [AlephLearn] [Thread-66] com.zaxxer.hikari.HikariDataSource       : HikariPool-17 - Shutdown initiated...
2025-12-23T02:53:44.060+05:30  INFO 1564 --- [AlephLearn] [Thread-66] com.zaxxer.hikari.HikariDataSource       : HikariPool-17 - Shutdown completed.
2025-12-23T02:53:44.202+05:30  INFO 1564 --- [AlephLearn] [restartedMain] c.e.demo.AlephLearnChatApplication       : Starting AlephLearnChatApplication using Java 21.0.9 with PID 1564 (/Users/vikkiraj/Desktop/AlephLearn/Backend/demo/target/classes started by vikkiraj in /Users/vikkiraj/Desktop/AlephLearn/Backend/demo)
2025-12-23T02:53:44.202+05:30  INFO 1564 --- [AlephLearn] [restartedMain] c.e.demo.AlephLearnChatApplication       : The following 1 profile is active: "dev"
2025-12-23T02:53:44.691+05:30  INFO 1564 --- [AlephLearn] [restartedMain] .s.d.r.c.RepositoryConfigurationDelegate : Bootstrapping Spring Data JPA repositories in DEFAULT mode.
2025-12-23T02:53:44.715+05:30  INFO 1564 --- [AlephLearn] [restartedMain] .s.d.r.c.RepositoryConfigurationDelegate : Finished Spring Data repository scanning in 22 ms. Found 28 JPA repository interfaces.
2025-12-23T02:53:44.824+05:30  INFO 1564 --- [AlephLearn] [restartedMain] o.s.b.w.embedded.tomcat.TomcatWebServer  : Tomcat initialized with port 8080 (http)
2025-12-23T02:53:44.825+05:30  INFO 1564 --- [AlephLearn] [restartedMain] o.apache.catalina.core.StandardService   : Starting service [Tomcat]
2025-12-23T02:53:44.825+05:30  INFO 1564 --- [AlephLearn] [restartedMain] o.apache.catalina.core.StandardEngine    : Starting Servlet engine: [Apache Tomcat/10.1.46]
2025-12-23T02:53:44.831+05:30  INFO 1564 --- [AlephLearn] [restartedMain] o.a.c.c.C.[Tomcat-1].[localhost].[/]     : Initializing Spring embedded WebApplicationContext
2025-12-23T02:53:44.831+05:30  INFO 1564 --- [AlephLearn] [restartedMain] w.s.c.ServletWebServerApplicationContext : Root WebApplicationContext: initialization completed in 627 ms
2025-12-23T02:53:44.930+05:30  INFO 1564 --- [AlephLearn] [restartedMain] o.hibernate.jpa.internal.util.LogHelper  : HHH000204: Processing PersistenceUnitInfo [name: default]
2025-12-23T02:53:44.936+05:30  INFO 1564 --- [AlephLearn] [restartedMain] o.h.c.internal.RegionFactoryInitiator    : HHH000026: Second-level cache disabled
2025-12-23T02:53:44.956+05:30  INFO 1564 --- [AlephLearn] [restartedMain] o.s.o.j.p.SpringPersistenceUnitInfo      : No LoadTimeWeaver setup: ignoring JPA class transformer
2025-12-23T02:53:44.956+05:30  INFO 1564 --- [AlephLearn] [restartedMain] com.zaxxer.hikari.HikariDataSource       : HikariPool-18 - Starting...
2025-12-23T02:53:44.979+05:30  INFO 1564 --- [AlephLearn] [restartedMain] com.zaxxer.hikari.pool.HikariPool        : HikariPool-18 - Added connection org.postgresql.jdbc.PgConnection@446bc571
2025-12-23T02:53:44.980+05:30  INFO 1564 --- [AlephLearn] [restartedMain] com.zaxxer.hikari.HikariDataSource       : HikariPool-18 - Start completed.
2025-12-23T02:53:44.986+05:30  WARN 1564 --- [AlephLearn] [restartedMain] org.hibernate.orm.deprecation            : HHH90000025: PostgreSQLDialect does not need to be specified explicitly using 'hibernate.dialect' (remove the property setting and it will be selected by default)
2025-12-23T02:53:44.988+05:30  INFO 1564 --- [AlephLearn] [restartedMain] org.hibernate.orm.connections.pooling    : HHH10001005: Database info:
	Database JDBC URL [Connecting through datasource 'HikariDataSource (HikariPool-18)']
	Database driver: undefined/unknown
	Database version: 18.1
	Autocommit mode: undefined/unknown
	Isolation level: undefined/unknown
	Minimum pool size: undefined/unknown
	Maximum pool size: undefined/unknown
2025-12-23T02:53:45.266+05:30  INFO 1564 --- [AlephLearn] [restartedMain] o.h.e.t.j.p.i.JtaPlatformInitiator       : HHH000489: No JTA platform available (set 'hibernate.transaction.jta.platform' to enable JTA platform integration)
2025-12-23T02:53:46.077+05:30  INFO 1564 --- [AlephLearn] [restartedMain] j.LocalContainerEntityManagerFactoryBean : Initialized JPA EntityManagerFactory for persistence unit 'default'
2025-12-23T02:53:46.558+05:30  INFO 1564 --- [AlephLearn] [restartedMain] o.s.b.a.e.web.EndpointLinksResolver      : Exposing 1 endpoint beneath base path '/actuator'
2025-12-23T02:53:46.665+05:30  INFO 1564 --- [AlephLearn] [restartedMain] o.s.b.d.a.OptionalLiveReloadServer       : LiveReload server is running on port 35729
2025-12-23T02:53:46.676+05:30  INFO 1564 --- [AlephLearn] [restartedMain] o.s.m.s.b.SimpleBrokerMessageHandler     : Starting...
2025-12-23T02:53:46.677+05:30  INFO 1564 --- [AlephLearn] [restartedMain] o.s.m.s.b.SimpleBrokerMessageHandler     : BrokerAvailabilityEvent[available=true, SimpleBrokerMessageHandler [org.springframework.messaging.simp.broker.DefaultSubscriptionRegistry@7fe56ed1]]
2025-12-23T02:53:46.677+05:30  INFO 1564 --- [AlephLearn] [restartedMain] o.s.m.s.b.SimpleBrokerMessageHandler     : Started.
2025-12-23T02:53:46.677+05:30  INFO 1564 --- [AlephLearn] [restartedMain] o.s.b.w.embedded.tomcat.TomcatWebServer  : Tomcat started on port 8080 (http) with context path '/'
2025-12-23T02:53:46.685+05:30  INFO 1564 --- [AlephLearn] [restartedMain] c.e.demo.AlephLearnChatApplication       : Started AlephLearnChatApplication in 2.549 seconds (process running for 80407.731)
2025-12-23T02:53:46.711+05:30  INFO 1564 --- [AlephLearn] [restartedMain] .ConditionEvaluationDeltaLoggingListener : Condition evaluation unchanged
2025-12-23T02:53:46.712+05:30  WARN 1564 --- [AlephLearn] [restartedMain] o.s.core.events.SpringDocAppInitializer  : SpringDoc /v3/api-docs endpoint is enabled by default. To disable it in production, set the property 'springdoc.api-docs.enabled=false'
2025-12-23T02:53:46.712+05:30  WARN 1564 --- [AlephLearn] [restartedMain] o.s.core.events.SpringDocAppInitializer  : SpringDoc /swagger-ui/index.html endpoint is enabled by default. To disable it in production, set the property 'springdoc.swagger-ui.enabled=false'
2025-12-23T02:54:46.682+05:30  INFO 1564 --- [AlephLearn] [MessageBroker-3] o.s.w.s.c.WebSocketMessageBrokerStats    : WebSocketSession[0 current WS(0)-HttpStream(0)-HttpPoll(0), 0 total, 0 closed abnormally (0 connect failure, 0 send limit, 0 transport error)], stompSubProtocol[processed CONNECT(0)-CONNECTED(0)-DISCONNECT(0)], stompBrokerRelay[null], inboundChannel[pool size = 0, active threads = 0, queued tasks = 0, completed tasks = 0], outboundChannel[pool size = 0, active threads = 0, queued tasks = 0, completed tasks = 0], sockJsScheduler[pool size = 5, active threads = 1, queued tasks = 2, completed tasks = 2]
2025-12-23T02:55:01.847+05:30  INFO 1564 --- [AlephLearn] [http-nio-8080-exec-1] o.a.c.c.C.[Tomcat-1].[localhost].[/]     : Initializing Spring DispatcherServlet 'dispatcherServlet'
2025-12-23T02:55:01.847+05:30  INFO 1564 --- [AlephLearn] [http-nio-8080-exec-1] o.s.web.servlet.DispatcherServlet        : Initializing Servlet 'dispatcherServlet'
2025-12-23T02:55:01.855+05:30  INFO 1564 --- [AlephLearn] [http-nio-8080-exec-1] o.s.web.servlet.DispatcherServlet        : Completed initialization in 8 ms
2025-12-23T02:55:01.889+05:30  WARN 1564 --- [AlephLearn] [http-nio-8080-exec-2] .w.s.m.a.ResponseStatusExceptionResolver : Resolved [org.springframework.web.server.ResponseStatusException: 403 FORBIDDEN "You are blocked till 2025-12-22T23:26:58.699859Z. Contact admin: admin@alephlearn.com Reason: Temporarily blocked"]
2025-12-23T02:57:53.910+05:30  WARN 1564 --- [AlephLearn] [http-nio-8080-exec-5] .w.s.m.a.ResponseStatusExceptionResolver : Resolved [org.springframework.web.server.ResponseStatusException: 403 FORBIDDEN "You are blocked till 2025-12-22T23:26:58.699859Z. Contact admin: admin@alephlearn.com Reason: Temporarily blocked"]
2025-12-23T03:01:12.745+05:30  WARN 1564 --- [AlephLearn] [http-nio-8080-exec-6] ration$PageModule$WarningLoggingModifier : Serializing PageImpl instances as-is is not supported, meaning that there is no guarantee about the stability of the resulting JSON structure!
	For a stable JSON structure, please use Spring Data's PagedModel (globally via @EnableSpringDataWebSupport(pageSerializationMode = VIA_DTO))
	or Spring HATEOAS and Spring Data's PagedResourcesAssembler as documented in https://docs.spring.io/spring-data/commons/reference/repositories/core-extensions.html#core.web.pageables.

2025-12-23T03:08:51.140+05:30  WARN 1564 --- [AlephLearn] [http-nio-8080-exec-5] .w.s.m.a.ResponseStatusExceptionResolver : Resolved [org.springframework.web.server.ResponseStatusException: 403 FORBIDDEN "You are blocked till 2025-12-22T23:26:58.699859Z. Contact admin: admin@alephlearn.com Reason: Temporarily blocked"]
2025-12-23T03:09:02.939+05:30  WARN 1564 --- [AlephLearn] [http-nio-8080-exec-1] .w.s.m.a.ResponseStatusExceptionResolver : Resolved [org.springframework.web.server.ResponseStatusException: 403 FORBIDDEN "You are blocked till 2025-12-22T23:26:58.699859Z. Contact admin: admin@alephlearn.com Reason: Temporarily blocked"]
2025-12-23T03:09:46.329+05:30  WARN 1564 --- [AlephLearn] [http-nio-8080-exec-9] .w.s.m.a.ResponseStatusExceptionResolver : Resolved [org.springframework.web.server.ResponseStatusException: 403 FORBIDDEN "You are blocked till 2025-12-22T23:26:58.699859Z. Contact admin: admin@alephlearn.com Reason: Temporarily blocked"]
2025-12-23T03:09:47.498+05:30  WARN 1564 --- [AlephLearn] [http-nio-8080-exec-4] .m.m.a.ExceptionHandlerExceptionResolver : Resolved [java.lang.IllegalArgumentException: Invalid credentials]
2025-12-23T03:09:48.249+05:30  WARN 1564 --- [AlephLearn] [http-nio-8080-exec-3] .m.m.a.ExceptionHandlerExceptionResolver : Resolved [java.lang.IllegalArgumentException: Invalid credentials]
2025-12-23T03:09:48.928+05:30  WARN 1564 --- [AlephLearn] [http-nio-8080-exec-6] .m.m.a.ExceptionHandlerExceptionResolver : Resolved [java.lang.IllegalArgumentException: Invalid credentials]
2025-12-23T03:09:49.375+05:30  WARN 1564 --- [AlephLearn] [http-nio-8080-exec-5] .m.m.a.ExceptionHandlerExceptionResolver : Resolved [java.lang.IllegalArgumentException: Invalid credentials]
2025-12-23T03:09:49.581+05:30  WARN 1564 --- [AlephLearn] [http-nio-8080-exec-2] .m.m.a.ExceptionHandlerExceptionResolver : Resolved [java.lang.IllegalArgumentException: Invalid credentials]
2025-12-23T03:09:50.028+05:30  WARN 1564 --- [AlephLearn] [http-nio-8080-exec-8] .m.m.a.ExceptionHandlerExceptionResolver : Resolved [java.lang.IllegalArgumentException: Invalid credentials]
2025-12-23T03:09:50.247+05:30  WARN 1564 --- [AlephLearn] [http-nio-8080-exec-1] .m.m.a.ExceptionHandlerExceptionResolver : Resolved [java.lang.IllegalArgumentException: Invalid credentials]
2025-12-23T03:09:50.695+05:30  WARN 1564 --- [AlephLearn] [http-nio-8080-exec-10] .m.m.a.ExceptionHandlerExceptionResolver : Resolved [java.lang.IllegalArgumentException: Invalid credentials]
2025-12-23T03:09:51.008+05:30  WARN 1564 --- [AlephLearn] [http-nio-8080-exec-7] .m.m.a.ExceptionHandlerExceptionResolver : Resolved [java.lang.IllegalArgumentException: Invalid credentials]
2025-12-23T03:09:51.636+05:30  WARN 1564 --- [AlephLearn] [http-nio-8080-exec-4] .m.m.a.ExceptionHandlerExceptionResolver : Resolved [java.lang.IllegalArgumentException: Invalid credentials]
2025-12-23T03:09:57.562+05:30  WARN 1564 --- [AlephLearn] [http-nio-8080-exec-6] .w.s.m.a.ResponseStatusExceptionResolver : Resolved [org.springframework.web.server.ResponseStatusException: 403 FORBIDDEN "You are blocked till 2025-12-22T23:26:58.699859Z. Contact admin: admin@alephlearn.com Reason: Temporarily blocked"]
2025-12-23T03:10:16.249+05:30  WARN 1564 --- [AlephLearn] [http-nio-8080-exec-8] .w.s.m.a.ResponseStatusExceptionResolver : Resolved [org.springframework.web.server.ResponseStatusException: 403 FORBIDDEN "You are blocked till 2025-12-22T23:26:58.699859Z. Contact admin: admin@alephlearn.com Reason: Temporarily blocked"]
2025-12-23T03:10:28.134+05:30  WARN 1564 --- [AlephLearn] [http-nio-8080-exec-7] .w.s.m.a.ResponseStatusExceptionResolver : Resolved [org.springframework.web.server.ResponseStatusException: 403 FORBIDDEN "You are blocked till 2025-12-22T23:26:58.699859Z. Contact admin: admin@alephlearn.com Reason: Temporarily blocked"]
2025-12-23T03:10:50.103+05:30  WARN 1564 --- [AlephLearn] [http-nio-8080-exec-3] .w.s.m.a.ResponseStatusExceptionResolver : Resolved [org.springframework.web.server.ResponseStatusException: 403 FORBIDDEN "You are blocked till 2025-12-22T23:26:58.699859Z. Contact admin: admin@alephlearn.com Reason: Temporarily blocked"]
2025-12-23T03:10:57.485+05:30  WARN 1564 --- [AlephLearn] [http-nio-8080-exec-2] .w.s.m.a.ResponseStatusExceptionResolver : Resolved [org.springframework.web.server.ResponseStatusException: 403 FORBIDDEN "You are blocked till 2025-12-22T23:26:58.699859Z. Contact admin: admin@alephlearn.com Reason: Temporarily blocked"]
2025-12-23T03:13:52.879+05:30  WARN 1564 --- [AlephLearn] [http-nio-8080-exec-10] .w.s.m.a.ResponseStatusExceptionResolver : Resolved [org.springframework.web.server.ResponseStatusException: 403 FORBIDDEN "You are blocked till 2025-12-22T23:26:58.699859Z. Contact admin: admin@alephlearn.com Reason: Temporarily blocked"]
2025-12-23T03:16:04.219+05:30  WARN 1564 --- [AlephLearn] [http-nio-8080-exec-7] .w.s.m.a.ResponseStatusExceptionResolver : Resolved [org.springframework.web.server.ResponseStatusException: 403 FORBIDDEN "You are blocked till 2025-12-22T23:26:58.699859Z. Contact admin: admin@alephlearn.com Reason: Temporarily blocked"]
2025-12-23T03:16:10.651+05:30  WARN 1564 --- [AlephLearn] [http-nio-8080-exec-5] .w.s.m.a.ResponseStatusExceptionResolver : Resolved [org.springframework.web.server.ResponseStatusException: 403 FORBIDDEN "You are blocked till 2025-12-22T23:26:58.699859Z. Contact admin: admin@alephlearn.com Reason: Temporarily blocked"]
2025-12-23T03:16:11.378+05:30  WARN 1564 --- [AlephLearn] [http-nio-8080-exec-3] .m.m.a.ExceptionHandlerExceptionResolver : Resolved [java.lang.IllegalArgumentException: Invalid credentials]
2025-12-23T03:24:46.649+05:30  INFO 1564 --- [AlephLearn] [MessageBroker-5] o.s.w.s.c.WebSocketMessageBrokerStats    : WebSocketSession[0 current WS(0)-HttpStream(0)-HttpPoll(0), 5 total, 0 closed abnormally (0 connect failure, 0 send limit, 0 transport error)], stompSubProtocol[processed CONNECT(5)-CONNECTED(5)-DISCONNECT(0)], stompBrokerRelay[null], inboundChannel[pool size = 0, active threads = 0, queued tasks = 0, completed tasks = 45], outboundChannel[pool size = 0, active threads = 0, queued tasks = 0, completed tasks = 10], sockJsScheduler[pool size = 8, active threads = 2, queued tasks = 2, completed tasks = 346]
2025-12-23T03:25:53.612+05:30  WARN 1564 --- [AlephLearn] [http-nio-8080-exec-2] .w.s.m.a.ResponseStatusExceptionResolver : Resolved [org.springframework.web.server.ResponseStatusException: 403 FORBIDDEN "You are blocked till 2025-12-22T23:26:58.699859Z. Contact admin: admin@alephlearn.com Reason: Temporarily blocked"]
2025-12-23T03:52:02.397+05:30  INFO 1564 --- [AlephLearn] [http-nio-8080-exec-3] o.springdoc.api.AbstractOpenApiResource  : Init duration for springdoc-openapi is: 388 ms
2025-12-23T03:54:46.620+05:30  INFO 1564 --- [AlephLearn] [MessageBroker-2] o.s.w.s.c.WebSocketMessageBrokerStats    : WebSocketSession[0 current WS(0)-HttpStream(0)-HttpPoll(0), 5 total, 0 closed abnormally (0 connect failure, 0 send limit, 0 transport error)], stompSubProtocol[processed CONNECT(5)-CONNECTED(5)-DISCONNECT(0)], stompBrokerRelay[null], inboundChannel[pool size = 0, active threads = 0, queued tasks = 0, completed tasks = 45], outboundChannel[pool size = 0, active threads = 0, queued tasks = 0, completed tasks = 10], sockJsScheduler[pool size = 8, active threads = 3, queued tasks = 1, completed tasks = 767]
2025-12-23T04:04:48.388+05:30  INFO 1564 --- [AlephLearn] [SpringApplicationShutdownHook] o.s.b.w.e.tomcat.GracefulShutdown        : Commencing graceful shutdown. Waiting for active requests to complete
2025-12-23T04:04:48.394+05:30  INFO 1564 --- [AlephLearn] [tomcat-shutdown] o.s.b.w.e.tomcat.GracefulShutdown        : Graceful shutdown complete
2025-12-23T04:04:48.396+05:30  INFO 1564 --- [AlephLearn] [SpringApplicationShutdownHook] o.s.m.s.b.SimpleBrokerMessageHandler     : Stopping...
2025-12-23T04:04:48.396+05:30  INFO 1564 --- [AlephLearn] [SpringApplicationShutdownHook] o.s.m.s.b.SimpleBrokerMessageHandler     : BrokerAvailabilityEvent[available=false, SimpleBrokerMessageHandler [org.springframework.messaging.simp.broker.DefaultSubscriptionRegistry@7fe56ed1]]
2025-12-23T04:04:48.396+05:30  INFO 1564 --- [AlephLearn] [SpringApplicationShutdownHook] o.s.m.s.b.SimpleBrokerMessageHandler     : Stopped.
2025-12-23T04:04:48.407+05:30  INFO 1564 --- [AlephLearn] [SpringApplicationShutdownHook] j.LocalContainerEntityManagerFactoryBean : Closing JPA EntityManagerFactory for persistence unit 'default'
2025-12-23T04:04:48.408+05:30  INFO 1564 --- [AlephLearn] [SpringApplicationShutdownHook] com.zaxxer.hikari.HikariDataSource       : HikariPool-18 - Shutdown initiated...
2025-12-23T04:04:48.411+05:30  INFO 1564 --- [AlephLearn] [SpringApplicationShutdownHook] com.zaxxer.hikari.HikariDataSource       : HikariPool-18 - Shutdown completed.
2025-12-23T04:06:38.201+05:30  INFO 1532 --- [AlephLearn] [restartedMain] c.e.demo.AlephLearnChatApplication       : Starting AlephLearnChatApplication using Java 21.0.9 with PID 1532 (/Users/vikkiraj/Desktop/AlephLearn/Backend/demo/target/classes started by vikkiraj in /Users/vikkiraj/Desktop/AlephLearn/Backend/demo)
2025-12-23T04:06:38.203+05:30  INFO 1532 --- [AlephLearn] [restartedMain] c.e.demo.AlephLearnChatApplication       : The following 1 profile is active: "dev"
2025-12-23T04:06:38.226+05:30  INFO 1532 --- [AlephLearn] [restartedMain] .e.DevToolsPropertyDefaultsPostProcessor : Devtools property defaults active! Set 'spring.devtools.add-properties' to 'false' to disable
2025-12-23T04:06:38.226+05:30  INFO 1532 --- [AlephLearn] [restartedMain] .e.DevToolsPropertyDefaultsPostProcessor : For additional web related logging consider setting the 'logging.level.web' property to 'DEBUG'
2025-12-23T04:06:38.972+05:30  INFO 1532 --- [AlephLearn] [restartedMain] .s.d.r.c.RepositoryConfigurationDelegate : Bootstrapping Spring Data JPA repositories in DEFAULT mode.
2025-12-23T04:06:39.039+05:30  INFO 1532 --- [AlephLearn] [restartedMain] .s.d.r.c.RepositoryConfigurationDelegate : Finished Spring Data repository scanning in 61 ms. Found 28 JPA repository interfaces.
2025-12-23T04:06:39.415+05:30  INFO 1532 --- [AlephLearn] [restartedMain] o.s.b.w.embedded.tomcat.TomcatWebServer  : Tomcat initialized with port 8080 (http)
2025-12-23T04:06:39.425+05:30  INFO 1532 --- [AlephLearn] [restartedMain] o.apache.catalina.core.StandardService   : Starting service [Tomcat]
2025-12-23T04:06:39.426+05:30  INFO 1532 --- [AlephLearn] [restartedMain] o.apache.catalina.core.StandardEngine    : Starting Servlet engine: [Apache Tomcat/10.1.46]
2025-12-23T04:06:39.449+05:30  INFO 1532 --- [AlephLearn] [restartedMain] o.a.c.c.C.[Tomcat].[localhost].[/]       : Initializing Spring embedded WebApplicationContext
2025-12-23T04:06:39.449+05:30  INFO 1532 --- [AlephLearn] [restartedMain] w.s.c.ServletWebServerApplicationContext : Root WebApplicationContext: initialization completed in 1223 ms
2025-12-23T04:06:39.574+05:30  INFO 1532 --- [AlephLearn] [restartedMain] o.hibernate.jpa.internal.util.LogHelper  : HHH000204: Processing PersistenceUnitInfo [name: default]
2025-12-23T04:06:39.608+05:30  INFO 1532 --- [AlephLearn] [restartedMain] org.hibernate.Version                    : HHH000412: Hibernate ORM core version 6.6.29.Final
2025-12-23T04:06:39.625+05:30  INFO 1532 --- [AlephLearn] [restartedMain] o.h.c.internal.RegionFactoryInitiator    : HHH000026: Second-level cache disabled
2025-12-23T04:06:39.787+05:30  INFO 1532 --- [AlephLearn] [restartedMain] o.s.o.j.p.SpringPersistenceUnitInfo      : No LoadTimeWeaver setup: ignoring JPA class transformer
2025-12-23T04:06:39.808+05:30  INFO 1532 --- [AlephLearn] [restartedMain] com.zaxxer.hikari.HikariDataSource       : HikariPool-1 - Starting...
2025-12-23T04:06:39.942+05:30  INFO 1532 --- [AlephLearn] [restartedMain] com.zaxxer.hikari.pool.HikariPool        : HikariPool-1 - Added connection org.postgresql.jdbc.PgConnection@58c7878c
2025-12-23T04:06:39.943+05:30  INFO 1532 --- [AlephLearn] [restartedMain] com.zaxxer.hikari.HikariDataSource       : HikariPool-1 - Start completed.
2025-12-23T04:06:39.981+05:30  WARN 1532 --- [AlephLearn] [restartedMain] org.hibernate.orm.deprecation            : HHH90000025: PostgreSQLDialect does not need to be specified explicitly using 'hibernate.dialect' (remove the property setting and it will be selected by default)
2025-12-23T04:06:39.995+05:30  INFO 1532 --- [AlephLearn] [restartedMain] org.hibernate.orm.connections.pooling    : HHH10001005: Database info:
	Database JDBC URL [Connecting through datasource 'HikariDataSource (HikariPool-1)']
	Database driver: undefined/unknown
	Database version: 18.1
	Autocommit mode: undefined/unknown
	Isolation level: undefined/unknown
	Minimum pool size: undefined/unknown
	Maximum pool size: undefined/unknown
2025-12-23T04:06:40.805+05:30  INFO 1532 --- [AlephLearn] [restartedMain] o.h.e.t.j.p.i.JtaPlatformInitiator       : HHH000489: No JTA platform available (set 'hibernate.transaction.jta.platform' to enable JTA platform integration)
2025-12-23T04:06:41.686+05:30  INFO 1532 --- [AlephLearn] [restartedMain] j.LocalContainerEntityManagerFactoryBean : Initialized JPA EntityManagerFactory for persistence unit 'default'
2025-12-23T04:06:41.982+05:30  INFO 1532 --- [AlephLearn] [restartedMain] o.s.d.j.r.query.QueryEnhancerFactory     : Hibernate is in classpath; If applicable, HQL parser will be used.
2025-12-23T04:06:43.891+05:30  INFO 1532 --- [AlephLearn] [restartedMain] o.s.b.a.e.web.EndpointLinksResolver      : Exposing 1 endpoint beneath base path '/actuator'
2025-12-23T04:06:44.166+05:30  INFO 1532 --- [AlephLearn] [restartedMain] o.s.b.d.a.OptionalLiveReloadServer       : LiveReload server is running on port 35729
2025-12-23T04:06:44.199+05:30  INFO 1532 --- [AlephLearn] [restartedMain] o.s.m.s.b.SimpleBrokerMessageHandler     : Starting...
2025-12-23T04:06:44.199+05:30  INFO 1532 --- [AlephLearn] [restartedMain] o.s.m.s.b.SimpleBrokerMessageHandler     : BrokerAvailabilityEvent[available=true, SimpleBrokerMessageHandler [org.springframework.messaging.simp.broker.DefaultSubscriptionRegistry@5ecdd1ae]]
2025-12-23T04:06:44.200+05:30  INFO 1532 --- [AlephLearn] [restartedMain] o.s.m.s.b.SimpleBrokerMessageHandler     : Started.
2025-12-23T04:06:44.205+05:30  INFO 1532 --- [AlephLearn] [restartedMain] o.s.b.w.embedded.tomcat.TomcatWebServer  : Tomcat started on port 8080 (http) with context path '/'
2025-12-23T04:06:44.216+05:30  INFO 1532 --- [AlephLearn] [restartedMain] c.e.demo.AlephLearnChatApplication       : Started AlephLearnChatApplication in 6.264 seconds (process running for 6.489)
2025-12-23T04:06:44.310+05:30  WARN 1532 --- [AlephLearn] [restartedMain] o.s.core.events.SpringDocAppInitializer  : SpringDoc /v3/api-docs endpoint is enabled by default. To disable it in production, set the property 'springdoc.api-docs.enabled=false'
2025-12-23T04:06:44.310+05:30  WARN 1532 --- [AlephLearn] [restartedMain] o.s.core.events.SpringDocAppInitializer  : SpringDoc /swagger-ui/index.html endpoint is enabled by default. To disable it in production, set the property 'springdoc.swagger-ui.enabled=false'
2025-12-23T04:07:44.190+05:30  INFO 1532 --- [AlephLearn] [MessageBroker-3] o.s.w.s.c.WebSocketMessageBrokerStats    : WebSocketSession[0 current WS(0)-HttpStream(0)-HttpPoll(0), 0 total, 0 closed abnormally (0 connect failure, 0 send limit, 0 transport error)], stompSubProtocol[processed CONNECT(0)-CONNECTED(0)-DISCONNECT(0)], stompBrokerRelay[null], inboundChannel[pool size = 0, active threads = 0, queued tasks = 0, completed tasks = 0], outboundChannel[pool size = 0, active threads = 0, queued tasks = 0, completed tasks = 0], sockJsScheduler[pool size = 5, active threads = 1, queued tasks = 2, completed tasks = 2]
2025-12-23T04:37:44.181+05:30  INFO 1532 --- [AlephLearn] [MessageBroker-7] o.s.w.s.c.WebSocketMessageBrokerStats    : WebSocketSession[0 current WS(0)-HttpStream(0)-HttpPoll(0), 0 total, 0 closed abnormally (0 connect failure, 0 send limit, 0 transport error)], stompSubProtocol[processed CONNECT(0)-CONNECTED(0)-DISCONNECT(0)], stompBrokerRelay[null], inboundChannel[pool size = 0, active threads = 0, queued tasks = 0, completed tasks = 0], outboundChannel[pool size = 0, active threads = 0, queued tasks = 0, completed tasks = 0], sockJsScheduler[pool size = 8, active threads = 1, queued tasks = 2, completed tasks = 63]
2025-12-23T05:07:44.214+05:30  INFO 1532 --- [AlephLearn] [MessageBroker-2] o.s.w.s.c.WebSocketMessageBrokerStats    : WebSocketSession[0 current WS(0)-HttpStream(0)-HttpPoll(0), 0 total, 0 closed abnormally (0 connect failure, 0 send limit, 0 transport error)], stompSubProtocol[processed CONNECT(0)-CONNECTED(0)-DISCONNECT(0)], stompBrokerRelay[null], inboundChannel[pool size = 0, active threads = 0, queued tasks = 0, completed tasks = 0], outboundChannel[pool size = 0, active threads = 0, queued tasks = 0, completed tasks = 0], sockJsScheduler[pool size = 8, active threads = 1, queued tasks = 2, completed tasks = 124]
2025-12-23T05:37:44.273+05:30  INFO 1532 --- [AlephLearn] [MessageBroker-2] o.s.w.s.c.WebSocketMessageBrokerStats    : WebSocketSession[0 current WS(0)-HttpStream(0)-HttpPoll(0), 0 total, 0 closed abnormally (0 connect failure, 0 send limit, 0 transport error)], stompSubProtocol[processed CONNECT(0)-CONNECTED(0)-DISCONNECT(0)], stompBrokerRelay[null], inboundChannel[pool size = 0, active threads = 0, queued tasks = 0, completed tasks = 0], outboundChannel[pool size = 0, active threads = 0, queued tasks = 0, completed tasks = 0], sockJsScheduler[pool size = 8, active threads = 1, queued tasks = 2, completed tasks = 185]
2025-12-23T06:07:44.285+05:30  INFO 1532 --- [AlephLearn] [MessageBroker-2] o.s.w.s.c.WebSocketMessageBrokerStats    : WebSocketSession[0 current WS(0)-HttpStream(0)-HttpPoll(0), 0 total, 0 closed abnormally (0 connect failure, 0 send limit, 0 transport error)], stompSubProtocol[processed CONNECT(0)-CONNECTED(0)-DISCONNECT(0)], stompBrokerRelay[null], inboundChannel[pool size = 0, active threads = 0, queued tasks = 0, completed tasks = 0], outboundChannel[pool size = 0, active threads = 0, queued tasks = 0, completed tasks = 0], sockJsScheduler[pool size = 8, active threads = 1, queued tasks = 2, completed tasks = 248]
2025-12-23T06:37:44.286+05:30  INFO 1532 --- [AlephLearn] [MessageBroker-4] o.s.w.s.c.WebSocketMessageBrokerStats    : WebSocketSession[0 current WS(0)-HttpStream(0)-HttpPoll(0), 0 total, 0 closed abnormally (0 connect failure, 0 send limit, 0 transport error)], stompSubProtocol[processed CONNECT(0)-CONNECTED(0)-DISCONNECT(0)], stompBrokerRelay[null], inboundChannel[pool size = 0, active threads = 0, queued tasks = 0, completed tasks = 0], outboundChannel[pool size = 0, active threads = 0, queued tasks = 0, completed tasks = 0], sockJsScheduler[pool size = 8, active threads = 3, queued tasks = 0, completed tasks = 307]
2025-12-23T07:07:44.312+05:30  INFO 1532 --- [AlephLearn] [MessageBroker-6] o.s.w.s.c.WebSocketMessageBrokerStats    : WebSocketSession[0 current WS(0)-HttpStream(0)-HttpPoll(0), 0 total, 0 closed abnormally (0 connect failure, 0 send limit, 0 transport error)], stompSubProtocol[processed CONNECT(0)-CONNECTED(0)-DISCONNECT(0)], stompBrokerRelay[null], inboundChannel[pool size = 0, active threads = 0, queued tasks = 0, completed tasks = 0], outboundChannel[pool size = 0, active threads = 0, queued tasks = 0, completed tasks = 0], sockJsScheduler[pool size = 8, active threads = 3, queued tasks = 0, completed tasks = 368]
2025-12-23T07:37:44.328+05:30  INFO 1532 --- [AlephLearn] [MessageBroker-8] o.s.w.s.c.WebSocketMessageBrokerStats    : WebSocketSession[0 current WS(0)-HttpStream(0)-HttpPoll(0), 0 total, 0 closed abnormally (0 connect failure, 0 send limit, 0 transport error)], stompSubProtocol[processed CONNECT(0)-CONNECTED(0)-DISCONNECT(0)], stompBrokerRelay[null], inboundChannel[pool size = 0, active threads = 0, queued tasks = 0, completed tasks = 0], outboundChannel[pool size = 0, active threads = 0, queued tasks = 0, completed tasks = 0], sockJsScheduler[pool size = 8, active threads = 1, queued tasks = 2, completed tasks = 431]
2025-12-23T08:07:44.298+05:30  INFO 1532 --- [AlephLearn] [MessageBroker-5] o.s.w.s.c.WebSocketMessageBrokerStats    : WebSocketSession[0 current WS(0)-HttpStream(0)-HttpPoll(0), 0 total, 0 closed abnormally (0 connect failure, 0 send limit, 0 transport error)], stompSubProtocol[processed CONNECT(0)-CONNECTED(0)-DISCONNECT(0)], stompBrokerRelay[null], inboundChannel[pool size = 0, active threads = 0, queued tasks = 0, completed tasks = 0], outboundChannel[pool size = 0, active threads = 0, queued tasks = 0, completed tasks = 0], sockJsScheduler[pool size = 8, active threads = 1, queued tasks = 2, completed tasks = 492]
2025-12-23T12:54:16.159+05:30  WARN 1532 --- [AlephLearn] [HikariPool-1:housekeeper] com.zaxxer.hikari.pool.HikariPool        : HikariPool-1 - Thread starvation or clock leap detected (housekeeper delta=4h25m32s997ms).
2025-12-23T13:02:40.343+05:30  INFO 1532 --- [AlephLearn] [MessageBroker-8] o.s.w.s.c.WebSocketMessageBrokerStats    : WebSocketSession[0 current WS(0)-HttpStream(0)-HttpPoll(0), 0 total, 0 closed abnormally (0 connect failure, 0 send limit, 0 transport error)], stompSubProtocol[processed CONNECT(0)-CONNECTED(0)-DISCONNECT(0)], stompBrokerRelay[null], inboundChannel[pool size = 0, active threads = 0, queued tasks = 0, completed tasks = 0], outboundChannel[pool size = 0, active threads = 0, queued tasks = 0, completed tasks = 0], sockJsScheduler[pool size = 8, active threads = 1, queued tasks = 2, completed tasks = 553]
2025-12-23T13:10:46.029+05:30  WARN 1532 --- [AlephLearn] [HikariPool-1:housekeeper] com.zaxxer.hikari.pool.HikariPool        : HikariPool-1 - Retrograde clock change detected (housekeeper delta=29s736ms), soft-evicting connections from pool.
2025-12-23T13:32:40.050+05:30  INFO 1532 --- [AlephLearn] [MessageBroker-7] o.s.w.s.c.WebSocketMessageBrokerStats    : WebSocketSession[0 current WS(0)-HttpStream(0)-HttpPoll(0), 0 total, 0 closed abnormally (0 connect failure, 0 send limit, 0 transport error)], stompSubProtocol[processed CONNECT(0)-CONNECTED(0)-DISCONNECT(0)], stompBrokerRelay[null], inboundChannel[pool size = 0, active threads = 0, queued tasks = 0, completed tasks = 0], outboundChannel[pool size = 0, active threads = 0, queued tasks = 0, completed tasks = 0], sockJsScheduler[pool size = 8, active threads = 1, queued tasks = 2, completed tasks = 614]
2025-12-23T14:02:40.058+05:30  INFO 1532 --- [AlephLearn] [MessageBroker-4] o.s.w.s.c.WebSocketMessageBrokerStats    : WebSocketSession[0 current WS(0)-HttpStream(0)-HttpPoll(0), 0 total, 0 closed abnormally (0 connect failure, 0 send limit, 0 transport error)], stompSubProtocol[processed CONNECT(0)-CONNECTED(0)-DISCONNECT(0)], stompBrokerRelay[null], inboundChannel[pool size = 0, active threads = 0, queued tasks = 0, completed tasks = 0], outboundChannel[pool size = 0, active threads = 0, queued tasks = 0, completed tasks = 0], sockJsScheduler[pool size = 8, active threads = 1, queued tasks = 2, completed tasks = 675]
2025-12-23T14:32:40.131+05:30  INFO 1532 --- [AlephLearn] [MessageBroker-2] o.s.w.s.c.WebSocketMessageBrokerStats    : WebSocketSession[0 current WS(0)-HttpStream(0)-HttpPoll(0), 0 total, 0 closed abnormally (0 connect failure, 0 send limit, 0 transport error)], stompSubProtocol[processed CONNECT(0)-CONNECTED(0)-DISCONNECT(0)], stompBrokerRelay[null], inboundChannel[pool size = 0, active threads = 0, queued tasks = 0, completed tasks = 0], outboundChannel[pool size = 0, active threads = 0, queued tasks = 0, completed tasks = 0], sockJsScheduler[pool size = 8, active threads = 1, queued tasks = 2, completed tasks = 736]
